<?xml version="1.0" encoding="UTF-8"?>
<!-- Generated by org.testng.reporters.JUnitXMLReporter -->
<testsuite ignored="0" hostname="LAPTOP-HD2RSVAT" failures="0" tests="6" name="Scenerio2" time="40.039" errors="0" timestamp="05 Aug 2020 16:04:07 GMT">
  <testcase classname="Assessment.SmallCase.Scenerio2" name="cart_Screen_of_Flipkart" time="3.144"/>
  <testcase classname="Assessment.SmallCase.Scenerio2" name="amazon_Search" time="16.871"/>
  <testcase classname="Assessment.SmallCase.Scenerio2" name="groups_Of_products_Screen_of_Amazon" time="0.58"/>
  <testcase classname="Assessment.SmallCase.Scenerio2" name="obtained_Product_screen" time="5.474"/>
  <testcase classname="Assessment.SmallCase.Scenerio2" name="cart_Screen_amazon" time="0.485"/>
  <testcase classname="Assessment.SmallCase.Scenerio2" name="product_Comparison" time="0.0"/>
</testsuite> <!-- Scenerio2 -->
