<?xml version="1.0" encoding="UTF-8"?>
<!-- Generated by org.testng.reporters.JUnitXMLReporter -->
<testsuite hostname="LAPTOP-HD2RSVAT" failures="0" tests="6" name="Scenerios2" time="51.112" errors="0" timestamp="8 Aug 2020 08:06:59 GMT">
  <testcase classname="Assessment.SmallCase.Scenerio2" name="cart_Screen_of_Flipkart" time="1.267"/>
  <testcase classname="Assessment.SmallCase.Scenerio2" name="amazon_Search" time="12.969"/>
  <testcase classname="Assessment.SmallCase.Scenerio2" name="groups_Of_products_Screen_of_Amazon" time="0.903"/>
  <testcase classname="Assessment.SmallCase.Scenerio2" name="obtained_Product_screen" time="11.414"/>
  <testcase classname="Assessment.SmallCase.Scenerio2" name="cart_Screen_amazon" time="0.101"/>
  <testcase classname="Assessment.SmallCase.Scenerio2" name="product_Comparison" time="0.001"/>
</testsuite> <!-- Scenerios2 -->
