<?xml version="1.0" encoding="UTF-8"?>
<!-- Generated by org.testng.reporters.JUnitXMLReporter -->
<testsuite hostname="LAPTOP-HD2RSVAT" failures="0" tests="4" name="Scenerio1" time="11.113" errors="0" timestamp="6 Aug 2020 11:10:09 GMT">
  <testcase classname="Assessment.SmallCase.Scenerio1" name="search_Product_from_Flipkart" time="0.352"/>
  <testcase classname="Assessment.SmallCase.Scenerio1" name="groups_Of_products_Screen_flipkart" time="0.958"/>
  <testcase classname="Assessment.SmallCase.Scenerio1" name="add_Item_to_Cart_fk" time="2.179"/>
  <testcase classname="Assessment.SmallCase.Scenerio1" name="cart_Screen_of_Flipkart" time="1.846"/>
</testsuite> <!-- Scenerio1 -->
