<?xml version="1.0" encoding="UTF-8"?>
<!-- Generated by org.testng.reporters.JUnitXMLReporter -->
<testsuite hostname="LAPTOP-HD2RSVAT" failures="0" tests="6" name="Scenerios2" time="39.018" errors="0" timestamp="6 Aug 2020 11:10:48 GMT">
  <testcase classname="Assessment.SmallCase.Scenerio2" name="cart_Screen_of_Flipkart" time="1.177"/>
  <testcase classname="Assessment.SmallCase.Scenerio2" name="amazon_Search" time="8.106"/>
  <testcase classname="Assessment.SmallCase.Scenerio2" name="groups_Of_products_Screen_of_Amazon" time="0.502"/>
  <testcase classname="Assessment.SmallCase.Scenerio2" name="obtained_Product_screen" time="7.305"/>
  <testcase classname="Assessment.SmallCase.Scenerio2" name="cart_Screen_amazon" time="0.046"/>
  <testcase classname="Assessment.SmallCase.Scenerio2" name="product_Comparison" time="0.0"/>
</testsuite> <!-- Scenerios2 -->
