<?xml version="1.0" encoding="UTF-8"?>
<!-- Generated by org.testng.reporters.JUnitXMLReporter -->
<testsuite hostname="LAPTOP-HD2RSVAT" failures="0" tests="4" name="Scenerio1" time="15.139" errors="0" timestamp="5 Aug 2020 18:26:24 GMT">
  <testcase classname="Assessment.SmallCase.Scenerio1" name="search_Product_from_Flipkart" time="0.779"/>
  <testcase classname="Assessment.SmallCase.Scenerio1" name="groups_Of_products_Screen_flipkart" time="1.411"/>
  <testcase classname="Assessment.SmallCase.Scenerio1" name="add_Item_to_Cart_fk" time="2.57"/>
  <testcase classname="Assessment.SmallCase.Scenerio1" name="cart_Screen_of_Flipkart" time="2.661"/>
</testsuite> <!-- Scenerio1 -->
